<?xml version="1.0" encoding="UTF-8"?>
<testsuite name="com.book.springboot.web.PostsApiControllerTest" tests="2" skipped="0" failures="0" errors="0" timestamp="2022-03-05T16:41:45" hostname="flex-springboot2-webservice.localdomain" time="0.446">
  <properties/>
  <testcase name="Posts_등록된다()" classname="com.book.springboot.web.PostsApiControllerTest" time="0.366"/>
  <testcase name="Posts_수정된다()" classname="com.book.springboot.web.PostsApiControllerTest" time="0.076"/>
  <system-out><![CDATA[2022-03-06 01:41:45.079  INFO 25309 --- [    Test worker] .b.t.c.SpringBootTestContextBootstrapper : Neither @ContextConfiguration nor @ContextHierarchy found for test class [com.book.springboot.web.PostsApiControllerTest], using SpringBootContextLoader
2022-03-06 01:41:45.080  INFO 25309 --- [    Test worker] o.s.t.c.support.AbstractContextLoader    : Could not detect default resource locations for test class [com.book.springboot.web.PostsApiControllerTest]: no resource found for suffixes {-context.xml, Context.groovy}.
2022-03-06 01:41:45.081  INFO 25309 --- [    Test worker] t.c.s.AnnotationConfigContextLoaderUtils : Could not detect default configuration classes for test class [com.book.springboot.web.PostsApiControllerTest]: PostsApiControllerTest does not declare any static, non-private, non-final, nested classes annotated with @Configuration.
2022-03-06 01:41:45.084  INFO 25309 --- [    Test worker] .b.t.c.SpringBootTestContextBootstrapper : Found @SpringBootConfiguration com.book.springboot.Application for test class com.book.springboot.web.PostsApiControllerTest
2022-03-06 01:41:45.090  INFO 25309 --- [    Test worker] .b.t.c.SpringBootTestContextBootstrapper : Loaded default TestExecutionListener class names from location [META-INF/spring.factories]: [org.springframework.security.test.context.support.WithSecurityContextTestExecutionListener, org.springframework.security.test.context.support.ReactorContextTestExecutionListener, org.springframework.boot.test.autoconfigure.restdocs.RestDocsTestExecutionListener, org.springframework.boot.test.autoconfigure.web.client.MockRestServiceServerResetTestExecutionListener, org.springframework.boot.test.autoconfigure.web.servlet.MockMvcPrintOnlyOnFailureTestExecutionListener, org.springframework.boot.test.autoconfigure.web.servlet.WebDriverTestExecutionListener, org.springframework.boot.test.autoconfigure.webservices.client.MockWebServiceServerTestExecutionListener, org.springframework.boot.test.mock.mockito.MockitoTestExecutionListener, org.springframework.boot.test.mock.mockito.ResetMocksTestExecutionListener, org.springframework.test.context.web.ServletTestExecutionListener, org.springframework.test.context.support.DirtiesContextBeforeModesTestExecutionListener, org.springframework.test.context.support.DependencyInjectionTestExecutionListener, org.springframework.test.context.support.DirtiesContextTestExecutionListener, org.springframework.test.context.transaction.TransactionalTestExecutionListener, org.springframework.test.context.jdbc.SqlScriptsTestExecutionListener, org.springframework.test.context.event.EventPublishingTestExecutionListener]
2022-03-06 01:41:45.097  INFO 25309 --- [    Test worker] .b.t.c.SpringBootTestContextBootstrapper : Using TestExecutionListeners: [org.springframework.test.context.web.ServletTestExecutionListener@15fb87b0, org.springframework.test.context.support.DirtiesContextBeforeModesTestExecutionListener@fdd3be1, org.springframework.boot.test.mock.mockito.MockitoTestExecutionListener@7ad107e9, org.springframework.boot.test.autoconfigure.SpringBootDependencyInjectionTestExecutionListener@728f2c16, org.springframework.test.context.support.DirtiesContextTestExecutionListener@3b00f3f0, org.springframework.test.context.transaction.TransactionalTestExecutionListener@5d64d542, org.springframework.test.context.jdbc.SqlScriptsTestExecutionListener@2f786f48, org.springframework.security.test.context.support.WithSecurityContextTestExecutionListener@241c192d, org.springframework.test.context.event.EventPublishingTestExecutionListener@183fe12d, org.springframework.security.test.context.support.ReactorContextTestExecutionListener@630ae9ad, org.springframework.boot.test.autoconfigure.restdocs.RestDocsTestExecutionListener@fe4d8ab, org.springframework.boot.test.autoconfigure.web.client.MockRestServiceServerResetTestExecutionListener@4b757d0b, org.springframework.boot.test.autoconfigure.web.servlet.MockMvcPrintOnlyOnFailureTestExecutionListener@2ca4cbc1, org.springframework.boot.test.autoconfigure.web.servlet.WebDriverTestExecutionListener@18571879, org.springframework.boot.test.autoconfigure.webservices.client.MockWebServiceServerTestExecutionListener@315fba58, org.springframework.boot.test.mock.mockito.ResetMocksTestExecutionListener@5122045d]
2022-03-06 01:41:45.147  INFO 25309 --- [    Test worker] o.a.c.c.C.[Tomcat].[localhost].[/]       : Initializing Spring TestDispatcherServlet ''
2022-03-06 01:41:45.149  INFO 25309 --- [    Test worker] o.s.t.web.servlet.TestDispatcherServlet  : Initializing Servlet ''
2022-03-06 01:41:45.155  INFO 25309 --- [    Test worker] o.s.t.web.servlet.TestDispatcherServlet  : Completed initialization in 5 ms
Hibernate: insert into posts (created_date, modified_date, author, content, title) values (?, ?, ?, ?, ?)
Hibernate: select posts0_.id as id1_0_, posts0_.created_date as created_2_0_, posts0_.modified_date as modified3_0_, posts0_.author as author4_0_, posts0_.content as content5_0_, posts0_.title as title6_0_ from posts posts0_
Hibernate: select posts0_.id as id1_0_, posts0_.created_date as created_2_0_, posts0_.modified_date as modified3_0_, posts0_.author as author4_0_, posts0_.content as content5_0_, posts0_.title as title6_0_ from posts posts0_
Hibernate: delete from posts where id=?
2022-03-06 01:41:45.481  INFO 25309 --- [    Test worker] o.a.c.c.C.[Tomcat].[localhost].[/]       : Initializing Spring TestDispatcherServlet ''
2022-03-06 01:41:45.485  INFO 25309 --- [    Test worker] o.s.t.web.servlet.TestDispatcherServlet  : Initializing Servlet ''
2022-03-06 01:41:45.491  INFO 25309 --- [    Test worker] o.s.t.web.servlet.TestDispatcherServlet  : Completed initialization in 0 ms
Hibernate: insert into posts (created_date, modified_date, author, content, title) values (?, ?, ?, ?, ?)
Hibernate: select posts0_.id as id1_0_0_, posts0_.created_date as created_2_0_0_, posts0_.modified_date as modified3_0_0_, posts0_.author as author4_0_0_, posts0_.content as content5_0_0_, posts0_.title as title6_0_0_ from posts posts0_ where posts0_.id=?
Hibernate: update posts set created_date=?, modified_date=?, author=?, content=?, title=? where id=?
Hibernate: select posts0_.id as id1_0_, posts0_.created_date as created_2_0_, posts0_.modified_date as modified3_0_, posts0_.author as author4_0_, posts0_.content as content5_0_, posts0_.title as title6_0_ from posts posts0_
Hibernate: select posts0_.id as id1_0_, posts0_.created_date as created_2_0_, posts0_.modified_date as modified3_0_, posts0_.author as author4_0_, posts0_.content as content5_0_, posts0_.title as title6_0_ from posts posts0_
Hibernate: delete from posts where id=?
]]></system-out>
  <system-err><![CDATA[]]></system-err>
</testsuite>
