<?xml version="1.0" encoding="UTF-8"?>
<testsuite name="com.book.springboot.domain.posts.PostsRepositoryTest" tests="2" skipped="0" failures="0" errors="0" timestamp="2022-03-05T16:41:39" hostname="flex-springboot2-webservice.localdomain" time="0.693">
  <properties/>
  <testcase name="게시글저장_불러오기()" classname="com.book.springboot.domain.posts.PostsRepositoryTest" time="0.642"/>
  <testcase name="BaseTimeEntity_등록()" classname="com.book.springboot.domain.posts.PostsRepositoryTest" time="0.041"/>
  <system-out><![CDATA[01:41:25.548 [Test worker] DEBUG org.springframework.test.context.BootstrapUtils - Instantiating CacheAwareContextLoaderDelegate from class [org.springframework.test.context.cache.DefaultCacheAwareContextLoaderDelegate]
01:41:25.584 [Test worker] DEBUG org.springframework.test.context.BootstrapUtils - Instantiating BootstrapContext using constructor [public org.springframework.test.context.support.DefaultBootstrapContext(java.lang.Class,org.springframework.test.context.CacheAwareContextLoaderDelegate)]
01:41:25.724 [Test worker] DEBUG org.springframework.test.context.BootstrapUtils - Instantiating TestContextBootstrapper for test class [com.book.springboot.domain.posts.PostsRepositoryTest] from class [org.springframework.boot.test.context.SpringBootTestContextBootstrapper]
01:41:25.760 [Test worker] INFO org.springframework.boot.test.context.SpringBootTestContextBootstrapper - Neither @ContextConfiguration nor @ContextHierarchy found for test class [com.book.springboot.domain.posts.PostsRepositoryTest], using SpringBootContextLoader
01:41:25.769 [Test worker] DEBUG org.springframework.test.context.support.AbstractContextLoader - Did not detect default resource location for test class [com.book.springboot.domain.posts.PostsRepositoryTest]: class path resource [com/book/springboot/domain/posts/PostsRepositoryTest-context.xml] does not exist
01:41:25.773 [Test worker] DEBUG org.springframework.test.context.support.AbstractContextLoader - Did not detect default resource location for test class [com.book.springboot.domain.posts.PostsRepositoryTest]: class path resource [com/book/springboot/domain/posts/PostsRepositoryTestContext.groovy] does not exist
01:41:25.774 [Test worker] INFO org.springframework.test.context.support.AbstractContextLoader - Could not detect default resource locations for test class [com.book.springboot.domain.posts.PostsRepositoryTest]: no resource found for suffixes {-context.xml, Context.groovy}.
01:41:25.781 [Test worker] INFO org.springframework.test.context.support.AnnotationConfigContextLoaderUtils - Could not detect default configuration classes for test class [com.book.springboot.domain.posts.PostsRepositoryTest]: PostsRepositoryTest does not declare any static, non-private, non-final, nested classes annotated with @Configuration.
01:41:25.925 [Test worker] DEBUG org.springframework.test.context.support.ActiveProfilesUtils - Could not find an 'annotation declaring class' for annotation type [org.springframework.test.context.ActiveProfiles] and class [com.book.springboot.domain.posts.PostsRepositoryTest]
01:41:26.195 [Test worker] DEBUG org.springframework.context.annotation.ClassPathScanningCandidateComponentProvider - Identified candidate component class: file [/home/ec2-user/app/step1/bootpractice/build/classes/java/main/com/book/springboot/Application.class]
01:41:26.205 [Test worker] INFO org.springframework.boot.test.context.SpringBootTestContextBootstrapper - Found @SpringBootConfiguration com.book.springboot.Application for test class com.book.springboot.domain.posts.PostsRepositoryTest
01:41:26.500 [Test worker] DEBUG org.springframework.boot.test.context.SpringBootTestContextBootstrapper - @TestExecutionListeners is not present for class [com.book.springboot.domain.posts.PostsRepositoryTest]: using defaults.
01:41:26.501 [Test worker] INFO org.springframework.boot.test.context.SpringBootTestContextBootstrapper - Loaded default TestExecutionListener class names from location [META-INF/spring.factories]: [org.springframework.security.test.context.support.WithSecurityContextTestExecutionListener, org.springframework.security.test.context.support.ReactorContextTestExecutionListener, org.springframework.boot.test.autoconfigure.restdocs.RestDocsTestExecutionListener, org.springframework.boot.test.autoconfigure.web.client.MockRestServiceServerResetTestExecutionListener, org.springframework.boot.test.autoconfigure.web.servlet.MockMvcPrintOnlyOnFailureTestExecutionListener, org.springframework.boot.test.autoconfigure.web.servlet.WebDriverTestExecutionListener, org.springframework.boot.test.autoconfigure.webservices.client.MockWebServiceServerTestExecutionListener, org.springframework.boot.test.mock.mockito.MockitoTestExecutionListener, org.springframework.boot.test.mock.mockito.ResetMocksTestExecutionListener, org.springframework.test.context.web.ServletTestExecutionListener, org.springframework.test.context.support.DirtiesContextBeforeModesTestExecutionListener, org.springframework.test.context.support.DependencyInjectionTestExecutionListener, org.springframework.test.context.support.DirtiesContextTestExecutionListener, org.springframework.test.context.transaction.TransactionalTestExecutionListener, org.springframework.test.context.jdbc.SqlScriptsTestExecutionListener, org.springframework.test.context.event.EventPublishingTestExecutionListener]
01:41:26.553 [Test worker] INFO org.springframework.boot.test.context.SpringBootTestContextBootstrapper - Using TestExecutionListeners: [org.springframework.test.context.web.ServletTestExecutionListener@442a2692, org.springframework.test.context.support.DirtiesContextBeforeModesTestExecutionListener@8ea6c35, org.springframework.boot.test.mock.mockito.MockitoTestExecutionListener@69406b9f, org.springframework.boot.test.autoconfigure.SpringBootDependencyInjectionTestExecutionListener@3a456bda, org.springframework.test.context.support.DirtiesContextTestExecutionListener@2fced4b6, org.springframework.test.context.transaction.TransactionalTestExecutionListener@741e9ebe, org.springframework.test.context.jdbc.SqlScriptsTestExecutionListener@1e681f31, org.springframework.security.test.context.support.WithSecurityContextTestExecutionListener@fe2bc9d, org.springframework.test.context.event.EventPublishingTestExecutionListener@56d0a2b3, org.springframework.security.test.context.support.ReactorContextTestExecutionListener@56bb3db9, org.springframework.boot.test.autoconfigure.restdocs.RestDocsTestExecutionListener@87431c8, org.springframework.boot.test.autoconfigure.web.client.MockRestServiceServerResetTestExecutionListener@12e8620f, org.springframework.boot.test.autoconfigure.web.servlet.MockMvcPrintOnlyOnFailureTestExecutionListener@417e8fdb, org.springframework.boot.test.autoconfigure.web.servlet.WebDriverTestExecutionListener@4ea734b8, org.springframework.boot.test.autoconfigure.webservices.client.MockWebServiceServerTestExecutionListener@67f4b6d5, org.springframework.boot.test.mock.mockito.ResetMocksTestExecutionListener@36dd483e]
01:41:26.572 [Test worker] DEBUG org.springframework.test.context.support.AbstractDirtiesContextTestExecutionListener - Before test class: context [DefaultTestContext@3c2f1e44 testClass = PostsRepositoryTest, testInstance = [null], testMethod = [null], testException = [null], mergedContextConfiguration = [WebMergedContextConfiguration@3814d3f3 testClass = PostsRepositoryTest, locations = '{}', classes = '{class com.book.springboot.Application}', contextInitializerClasses = '[]', activeProfiles = '{}', propertySourceLocations = '{}', propertySourceProperties = '{org.springframework.boot.test.context.SpringBootTestContextBootstrapper=true}', contextCustomizers = set[org.springframework.boot.test.autoconfigure.actuate.metrics.MetricsExportContextCustomizerFactory$DisableMetricExportContextCustomizer@40571d7, org.springframework.boot.test.autoconfigure.properties.PropertyMappingContextCustomizer@0, org.springframework.boot.test.autoconfigure.web.servlet.WebDriverContextCustomizerFactory$Customizer@2996093, org.springframework.boot.test.context.filter.ExcludeFilterContextCustomizer@6b881557, org.springframework.boot.test.json.DuplicateJsonObjectContextCustomizerFactory$DuplicateJsonObjectContextCustomizer@7d3f53f9, org.springframework.boot.test.mock.mockito.MockitoContextCustomizer@0, org.springframework.boot.test.web.client.TestRestTemplateContextCustomizer@475c4db0, org.springframework.boot.test.context.SpringBootTestArgs@1, org.springframework.boot.test.context.SpringBootTestWebEnvironment@3ad04da3], resourceBasePath = 'src/main/webapp', contextLoader = 'org.springframework.boot.test.context.SpringBootContextLoader', parent = [null]], attributes = map['org.springframework.test.context.web.ServletTestExecutionListener.activateListener' -> true]], class annotated with @DirtiesContext [false] with mode [null].
01:41:26.652 [Test worker] DEBUG org.springframework.test.context.support.TestPropertySourceUtils - Adding inlined properties to environment: {spring.jmx.enabled=false, org.springframework.boot.test.context.SpringBootTestContextBootstrapper=true}

  .   ____          _            __ _ _
 /\\ / ___'_ __ _ _(_)_ __  __ _ \ \ \ \
( ( )\___ | '_ | '_| | '_ \/ _` | \ \ \ \
 \\/  ___)| |_)| | | | | || (_| |  ) ) ) )
  '  |____| .__|_| |_|_| |_\__, | / / / /
 =========|_|==============|___/=/_/_/_/
 :: Spring Boot ::                (v2.4.1)

2022-03-06 01:41:27.379  INFO 25309 --- [    Test worker] c.b.s.domain.posts.PostsRepositoryTest   : Starting PostsRepositoryTest using Java 1.8.0_312 on flex-springboot2-webservice.localdomain with PID 25309 (started by ec2-user in /home/ec2-user/app/step1/bootpractice)
2022-03-06 01:41:27.384  INFO 25309 --- [    Test worker] c.b.s.domain.posts.PostsRepositoryTest   : No active profile set, falling back to default profiles: default
2022-03-06 01:41:29.255  INFO 25309 --- [    Test worker] .s.d.r.c.RepositoryConfigurationDelegate : Bootstrapping Spring Data JPA repositories in DEFAULT mode.
2022-03-06 01:41:29.410  INFO 25309 --- [    Test worker] .s.d.r.c.RepositoryConfigurationDelegate : Finished Spring Data repository scanning in 140 ms. Found 2 JPA repository interfaces.
2022-03-06 01:41:31.122  INFO 25309 --- [    Test worker] com.zaxxer.hikari.HikariDataSource       : HikariPool-1 - Starting...
2022-03-06 01:41:31.587  INFO 25309 --- [    Test worker] com.zaxxer.hikari.HikariDataSource       : HikariPool-1 - Start completed.
2022-03-06 01:41:31.768  INFO 25309 --- [    Test worker] o.hibernate.jpa.internal.util.LogHelper  : HHH000204: Processing PersistenceUnitInfo [name: default]
2022-03-06 01:41:31.904  INFO 25309 --- [    Test worker] org.hibernate.Version                    : HHH000412: Hibernate ORM core version 5.4.25.Final
2022-03-06 01:41:32.397  INFO 25309 --- [    Test worker] o.hibernate.annotations.common.Version   : HCANN000001: Hibernate Commons Annotations {5.1.2.Final}
2022-03-06 01:41:32.719  INFO 25309 --- [    Test worker] org.hibernate.dialect.Dialect            : HHH000400: Using dialect: org.hibernate.dialect.MySQL57Dialect
Hibernate: drop table if exists posts
Hibernate: drop table if exists user
Hibernate: create table posts (id bigint not null auto_increment, created_date datetime(6), modified_date datetime(6), author varchar(255), content TEXT not null, title varchar(500) not null, primary key (id)) engine=InnoDB
Hibernate: create table user (id bigint not null auto_increment, created_date datetime(6), modified_date datetime(6), email varchar(255) not null, name varchar(255) not null, picture varchar(255), role varchar(255) not null, primary key (id)) engine=InnoDB
2022-03-06 01:41:34.346  INFO 25309 --- [    Test worker] o.h.e.t.j.p.i.JtaPlatformInitiator       : HHH000490: Using JtaPlatform implementation: [org.hibernate.engine.transaction.jta.platform.internal.NoJtaPlatform]
2022-03-06 01:41:34.370  INFO 25309 --- [    Test worker] j.LocalContainerEntityManagerFactoryBean : Initialized JPA EntityManagerFactory for persistence unit 'default'
2022-03-06 01:41:35.599  WARN 25309 --- [    Test worker] JpaBaseConfiguration$JpaWebConfiguration : spring.jpa.open-in-view is enabled by default. Therefore, database queries may be performed during view rendering. Explicitly configure spring.jpa.open-in-view to disable this warning
2022-03-06 01:41:37.398  INFO 25309 --- [    Test worker] o.s.s.web.DefaultSecurityFilterChain     : Will secure any request with [org.springframework.security.web.context.request.async.WebAsyncManagerIntegrationFilter@35ae786f, org.springframework.security.web.context.SecurityContextPersistenceFilter@133651e0, org.springframework.security.web.header.HeaderWriterFilter@42406018, org.springframework.security.web.authentication.logout.LogoutFilter@2d981c5f, org.springframework.security.oauth2.client.web.OAuth2AuthorizationRequestRedirectFilter@2a3c4b37, org.springframework.security.oauth2.client.web.OAuth2LoginAuthenticationFilter@7779ba5e, org.springframework.security.web.authentication.ui.DefaultLoginPageGeneratingFilter@ce6ae36, org.springframework.security.web.authentication.ui.DefaultLogoutPageGeneratingFilter@59ed2d97, org.springframework.security.web.savedrequest.RequestCacheAwareFilter@3ac5945b, org.springframework.security.web.servletapi.SecurityContextHolderAwareRequestFilter@6c7eb4bb, org.springframework.security.web.authentication.AnonymousAuthenticationFilter@bae1f8b, org.springframework.security.web.session.SessionManagementFilter@415cf3e7, org.springframework.security.web.access.ExceptionTranslationFilter@6a405946, org.springframework.security.web.access.intercept.FilterSecurityInterceptor@2ec14b5]
2022-03-06 01:41:38.500  INFO 25309 --- [    Test worker] o.s.s.concurrent.ThreadPoolTaskExecutor  : Initializing ExecutorService 'applicationTaskExecutor'
2022-03-06 01:41:38.653  INFO 25309 --- [    Test worker] o.s.b.a.h2.H2ConsoleAutoConfiguration    : H2 console available at '/h2-console'. Database available at 'jdbc:h2:mem:testdb'
2022-03-06 01:41:38.806  INFO 25309 --- [    Test worker] o.s.b.a.w.s.WelcomePageHandlerMapping    : Adding welcome page template: index
2022-03-06 01:41:39.819  INFO 25309 --- [    Test worker] s.a.ScheduledAnnotationBeanPostProcessor : No TaskScheduler/ScheduledExecutorService bean found for scheduled processing
2022-03-06 01:41:39.838  INFO 25309 --- [    Test worker] c.b.s.domain.posts.PostsRepositoryTest   : Started PostsRepositoryTest in 13.16 seconds (JVM running for 17.061)
Hibernate: insert into posts (created_date, modified_date, author, content, title) values (?, ?, ?, ?, ?)
Hibernate: select posts0_.id as id1_0_, posts0_.created_date as created_2_0_, posts0_.modified_date as modified3_0_, posts0_.author as author4_0_, posts0_.content as content5_0_, posts0_.title as title6_0_ from posts posts0_
Hibernate: select posts0_.id as id1_0_, posts0_.created_date as created_2_0_, posts0_.modified_date as modified3_0_, posts0_.author as author4_0_, posts0_.content as content5_0_, posts0_.title as title6_0_ from posts posts0_
Hibernate: delete from posts where id=?
Hibernate: insert into posts (created_date, modified_date, author, content, title) values (?, ?, ?, ?, ?)
Hibernate: select posts0_.id as id1_0_, posts0_.created_date as created_2_0_, posts0_.modified_date as modified3_0_, posts0_.author as author4_0_, posts0_.content as content5_0_, posts0_.title as title6_0_ from posts posts0_
>>>>>>>>>> createDate=2022-03-06T01:41:40.538, modifiedDate=2022-03-06T01:41:40.538
Hibernate: select posts0_.id as id1_0_, posts0_.created_date as created_2_0_, posts0_.modified_date as modified3_0_, posts0_.author as author4_0_, posts0_.content as content5_0_, posts0_.title as title6_0_ from posts posts0_
Hibernate: delete from posts where id=?
]]></system-out>
  <system-err><![CDATA[]]></system-err>
</testsuite>
