<?xml version="1.0" encoding="UTF-8"?>
<testsuite name="com.book.springboot.HelloControllerTest" tests="2" skipped="0" failures="0" errors="0" timestamp="2022-03-04T03:07:39" hostname="DESKTOP-2H2R0G0" time="0.155">
  <properties/>
  <testcase name="hello가_리턴된다()" classname="com.book.springboot.HelloControllerTest" time="0.073"/>
  <testcase name="helloDto가_리턴된다()" classname="com.book.springboot.HelloControllerTest" time="0.081"/>
  <system-out><![CDATA[2022-03-04 12:07:39.086  INFO 6332 --- [    Test worker] .b.t.a.w.s.WebMvcTestContextBootstrapper : Neither @ContextConfiguration nor @ContextHierarchy found for test class [com.book.springboot.HelloControllerTest], using SpringBootContextLoader
2022-03-04 12:07:39.088  INFO 6332 --- [    Test worker] o.s.t.c.support.AbstractContextLoader    : Could not detect default resource locations for test class [com.book.springboot.HelloControllerTest]: no resource found for suffixes {-context.xml, Context.groovy}.
2022-03-04 12:07:39.088  INFO 6332 --- [    Test worker] t.c.s.AnnotationConfigContextLoaderUtils : Could not detect default configuration classes for test class [com.book.springboot.HelloControllerTest]: HelloControllerTest does not declare any static, non-private, non-final, nested classes annotated with @Configuration.
2022-03-04 12:07:39.108  INFO 6332 --- [    Test worker] .b.t.c.SpringBootTestContextBootstrapper : Found @SpringBootConfiguration com.book.springboot.Application for test class com.book.springboot.HelloControllerTest
2022-03-04 12:07:39.109  INFO 6332 --- [    Test worker] .b.t.a.w.s.WebMvcTestContextBootstrapper : Loaded default TestExecutionListener class names from location [META-INF/spring.factories]: [org.springframework.security.test.context.support.WithSecurityContextTestExecutionListener, org.springframework.security.test.context.support.ReactorContextTestExecutionListener, org.springframework.boot.test.autoconfigure.restdocs.RestDocsTestExecutionListener, org.springframework.boot.test.autoconfigure.web.client.MockRestServiceServerResetTestExecutionListener, org.springframework.boot.test.autoconfigure.web.servlet.MockMvcPrintOnlyOnFailureTestExecutionListener, org.springframework.boot.test.autoconfigure.web.servlet.WebDriverTestExecutionListener, org.springframework.boot.test.autoconfigure.webservices.client.MockWebServiceServerTestExecutionListener, org.springframework.boot.test.mock.mockito.MockitoTestExecutionListener, org.springframework.boot.test.mock.mockito.ResetMocksTestExecutionListener, org.springframework.test.context.web.ServletTestExecutionListener, org.springframework.test.context.support.DirtiesContextBeforeModesTestExecutionListener, org.springframework.test.context.support.DependencyInjectionTestExecutionListener, org.springframework.test.context.support.DirtiesContextTestExecutionListener, org.springframework.test.context.transaction.TransactionalTestExecutionListener, org.springframework.test.context.jdbc.SqlScriptsTestExecutionListener, org.springframework.test.context.event.EventPublishingTestExecutionListener]
2022-03-04 12:07:39.110  INFO 6332 --- [    Test worker] .b.t.a.w.s.WebMvcTestContextBootstrapper : Using TestExecutionListeners: [org.springframework.test.context.web.ServletTestExecutionListener@ef67ea5, org.springframework.test.context.support.DirtiesContextBeforeModesTestExecutionListener@7787f3b2, org.springframework.boot.test.mock.mockito.MockitoTestExecutionListener@17653a7d, org.springframework.boot.test.autoconfigure.SpringBootDependencyInjectionTestExecutionListener@61b04b57, org.springframework.test.context.support.DirtiesContextTestExecutionListener@5c8e0292, org.springframework.test.context.transaction.TransactionalTestExecutionListener@145c60d2, org.springframework.test.context.jdbc.SqlScriptsTestExecutionListener@2a5406f6, org.springframework.security.test.context.support.WithSecurityContextTestExecutionListener@49dd0a18, org.springframework.test.context.event.EventPublishingTestExecutionListener@65eb1b23, org.springframework.security.test.context.support.ReactorContextTestExecutionListener@1246bdbc, org.springframework.boot.test.autoconfigure.restdocs.RestDocsTestExecutionListener@182f7ab4, org.springframework.boot.test.autoconfigure.web.client.MockRestServiceServerResetTestExecutionListener@39832e63, org.springframework.boot.test.autoconfigure.web.servlet.MockMvcPrintOnlyOnFailureTestExecutionListener@48c0873, org.springframework.boot.test.autoconfigure.web.servlet.WebDriverTestExecutionListener@2380ee03, org.springframework.boot.test.autoconfigure.webservices.client.MockWebServiceServerTestExecutionListener@4099ca1d, org.springframework.boot.test.mock.mockito.ResetMocksTestExecutionListener@60c9145b]

  .   ____          _            __ _ _
 /\\ / ___'_ __ _ _(_)_ __  __ _ \ \ \ \
( ( )\___ | '_ | '_| | '_ \/ _` | \ \ \ \
 \\/  ___)| |_)| | | | | || (_| |  ) ) ) )
  '  |____| .__|_| |_|_| |_\__, | / / / /
 =========|_|==============|___/=/_/_/_/
 :: Spring Boot ::                (v2.4.1)

2022-03-04 12:07:39.134  INFO 6332 --- [    Test worker] com.book.springboot.HelloControllerTest  : Starting HelloControllerTest using Java 11.0.12 on DESKTOP-2H2R0G0 with PID 6332 (started by jungahzzzang in C:\Users\jungahzzzang\IdeaProjects\bootpractice)
2022-03-04 12:07:39.135  INFO 6332 --- [    Test worker] com.book.springboot.HelloControllerTest  : No active profile set, falling back to default profiles: default
2022-03-04 12:07:39.463  INFO 6332 --- [    Test worker] o.s.s.concurrent.ThreadPoolTaskExecutor  : Initializing ExecutorService 'applicationTaskExecutor'
2022-03-04 12:07:39.492  INFO 6332 --- [    Test worker] o.s.b.a.w.s.WelcomePageHandlerMapping    : Adding welcome page template: index
2022-03-04 12:07:39.748  INFO 6332 --- [    Test worker] o.s.s.web.DefaultSecurityFilterChain     : Will secure any request with [org.springframework.security.web.context.request.async.WebAsyncManagerIntegrationFilter@197ba0f6, org.springframework.security.web.context.SecurityContextPersistenceFilter@32e783ce, org.springframework.security.web.header.HeaderWriterFilter@69a21e4b, org.springframework.security.web.csrf.CsrfFilter@737cfe7e, org.springframework.security.web.authentication.logout.LogoutFilter@6bbae5d9, org.springframework.security.oauth2.client.web.OAuth2AuthorizationRequestRedirectFilter@507164ff, org.springframework.security.oauth2.client.web.OAuth2AuthorizationRequestRedirectFilter@29bf8e73, org.springframework.security.oauth2.client.web.OAuth2LoginAuthenticationFilter@61a417f9, org.springframework.security.web.authentication.ui.DefaultLoginPageGeneratingFilter@364bec68, org.springframework.security.web.authentication.ui.DefaultLogoutPageGeneratingFilter@7eebca56, org.springframework.security.web.savedrequest.RequestCacheAwareFilter@36bc8fe, org.springframework.security.web.servletapi.SecurityContextHolderAwareRequestFilter@7a42ce9e, org.springframework.security.web.authentication.AnonymousAuthenticationFilter@ec83775, org.springframework.security.oauth2.client.web.OAuth2AuthorizationCodeGrantFilter@4b840079, org.springframework.security.web.session.SessionManagementFilter@34456aa9, org.springframework.security.web.access.ExceptionTranslationFilter@7db9808c, org.springframework.security.web.access.intercept.FilterSecurityInterceptor@5a51fa0]
2022-03-04 12:07:39.820  INFO 6332 --- [    Test worker] o.s.b.t.m.w.SpringBootMockServletContext : Initializing Spring TestDispatcherServlet ''
2022-03-04 12:07:39.822  INFO 6332 --- [    Test worker] o.s.t.web.servlet.TestDispatcherServlet  : Initializing Servlet ''
2022-03-04 12:07:39.822  INFO 6332 --- [    Test worker] o.s.t.web.servlet.TestDispatcherServlet  : Completed initialization in 0 ms
2022-03-04 12:07:39.835  INFO 6332 --- [    Test worker] com.book.springboot.HelloControllerTest  : Started HelloControllerTest in 0.722 seconds (JVM running for 7.999)
]]></system-out>
  <system-err><![CDATA[]]></system-err>
</testsuite>
