<?xml version="1.0" encoding="UTF-8"?>
<testsuite name="com.book.springboot.web.PostsApiControllerTest" tests="2" skipped="0" failures="0" errors="0" timestamp="2022-03-04T03:07:41" hostname="DESKTOP-2H2R0G0" time="0.097">
  <properties/>
  <testcase name="Posts_등록된다()" classname="com.book.springboot.web.PostsApiControllerTest" time="0.069"/>
  <testcase name="Posts_수정된다()" classname="com.book.springboot.web.PostsApiControllerTest" time="0.028"/>
  <system-out><![CDATA[2022-03-04 12:07:41.867  INFO 6332 --- [    Test worker] .b.t.c.SpringBootTestContextBootstrapper : Neither @ContextConfiguration nor @ContextHierarchy found for test class [com.book.springboot.web.PostsApiControllerTest], using SpringBootContextLoader
2022-03-04 12:07:41.868  INFO 6332 --- [    Test worker] o.s.t.c.support.AbstractContextLoader    : Could not detect default resource locations for test class [com.book.springboot.web.PostsApiControllerTest]: no resource found for suffixes {-context.xml, Context.groovy}.
2022-03-04 12:07:41.868  INFO 6332 --- [    Test worker] t.c.s.AnnotationConfigContextLoaderUtils : Could not detect default configuration classes for test class [com.book.springboot.web.PostsApiControllerTest]: PostsApiControllerTest does not declare any static, non-private, non-final, nested classes annotated with @Configuration.
2022-03-04 12:07:41.870  INFO 6332 --- [    Test worker] .b.t.c.SpringBootTestContextBootstrapper : Found @SpringBootConfiguration com.book.springboot.Application for test class com.book.springboot.web.PostsApiControllerTest
2022-03-04 12:07:41.871  INFO 6332 --- [    Test worker] .b.t.c.SpringBootTestContextBootstrapper : Loaded default TestExecutionListener class names from location [META-INF/spring.factories]: [org.springframework.security.test.context.support.WithSecurityContextTestExecutionListener, org.springframework.security.test.context.support.ReactorContextTestExecutionListener, org.springframework.boot.test.autoconfigure.restdocs.RestDocsTestExecutionListener, org.springframework.boot.test.autoconfigure.web.client.MockRestServiceServerResetTestExecutionListener, org.springframework.boot.test.autoconfigure.web.servlet.MockMvcPrintOnlyOnFailureTestExecutionListener, org.springframework.boot.test.autoconfigure.web.servlet.WebDriverTestExecutionListener, org.springframework.boot.test.autoconfigure.webservices.client.MockWebServiceServerTestExecutionListener, org.springframework.boot.test.mock.mockito.MockitoTestExecutionListener, org.springframework.boot.test.mock.mockito.ResetMocksTestExecutionListener, org.springframework.test.context.web.ServletTestExecutionListener, org.springframework.test.context.support.DirtiesContextBeforeModesTestExecutionListener, org.springframework.test.context.support.DependencyInjectionTestExecutionListener, org.springframework.test.context.support.DirtiesContextTestExecutionListener, org.springframework.test.context.transaction.TransactionalTestExecutionListener, org.springframework.test.context.jdbc.SqlScriptsTestExecutionListener, org.springframework.test.context.event.EventPublishingTestExecutionListener]
2022-03-04 12:07:41.871  INFO 6332 --- [    Test worker] .b.t.c.SpringBootTestContextBootstrapper : Using TestExecutionListeners: [org.springframework.test.context.web.ServletTestExecutionListener@180ce517, org.springframework.test.context.support.DirtiesContextBeforeModesTestExecutionListener@891d5b0, org.springframework.boot.test.mock.mockito.MockitoTestExecutionListener@c6d56ce, org.springframework.boot.test.autoconfigure.SpringBootDependencyInjectionTestExecutionListener@f8374eb, org.springframework.test.context.support.DirtiesContextTestExecutionListener@70d80c51, org.springframework.test.context.transaction.TransactionalTestExecutionListener@76e26baf, org.springframework.test.context.jdbc.SqlScriptsTestExecutionListener@105f989b, org.springframework.security.test.context.support.WithSecurityContextTestExecutionListener@46f9257, org.springframework.test.context.event.EventPublishingTestExecutionListener@3465ac0f, org.springframework.security.test.context.support.ReactorContextTestExecutionListener@51bf163f, org.springframework.boot.test.autoconfigure.restdocs.RestDocsTestExecutionListener@3dc8d7d3, org.springframework.boot.test.autoconfigure.web.client.MockRestServiceServerResetTestExecutionListener@454d0717, org.springframework.boot.test.autoconfigure.web.servlet.MockMvcPrintOnlyOnFailureTestExecutionListener@5cd1de65, org.springframework.boot.test.autoconfigure.web.servlet.WebDriverTestExecutionListener@75f6252e, org.springframework.boot.test.autoconfigure.webservices.client.MockWebServiceServerTestExecutionListener@efb020c, org.springframework.boot.test.mock.mockito.ResetMocksTestExecutionListener@23a3d97b]
2022-03-04 12:07:41.881  INFO 6332 --- [    Test worker] o.a.c.c.C.[Tomcat].[localhost].[/]       : Initializing Spring TestDispatcherServlet ''
2022-03-04 12:07:41.881  INFO 6332 --- [    Test worker] o.s.t.web.servlet.TestDispatcherServlet  : Initializing Servlet ''
2022-03-04 12:07:41.881  INFO 6332 --- [    Test worker] o.s.t.web.servlet.TestDispatcherServlet  : Completed initialization in 0 ms
Hibernate: insert into posts (created_date, modified_date, author, content, title) values (?, ?, ?, ?, ?)
Hibernate: select posts0_.id as id1_0_, posts0_.created_date as created_2_0_, posts0_.modified_date as modified3_0_, posts0_.author as author4_0_, posts0_.content as content5_0_, posts0_.title as title6_0_ from posts posts0_
Hibernate: select posts0_.id as id1_0_, posts0_.created_date as created_2_0_, posts0_.modified_date as modified3_0_, posts0_.author as author4_0_, posts0_.content as content5_0_, posts0_.title as title6_0_ from posts posts0_
Hibernate: delete from posts where id=?
2022-03-04 12:07:41.946  INFO 6332 --- [    Test worker] o.a.c.c.C.[Tomcat].[localhost].[/]       : Initializing Spring TestDispatcherServlet ''
2022-03-04 12:07:41.946  INFO 6332 --- [    Test worker] o.s.t.web.servlet.TestDispatcherServlet  : Initializing Servlet ''
2022-03-04 12:07:41.946  INFO 6332 --- [    Test worker] o.s.t.web.servlet.TestDispatcherServlet  : Completed initialization in 0 ms
Hibernate: insert into posts (created_date, modified_date, author, content, title) values (?, ?, ?, ?, ?)
Hibernate: select posts0_.id as id1_0_0_, posts0_.created_date as created_2_0_0_, posts0_.modified_date as modified3_0_0_, posts0_.author as author4_0_0_, posts0_.content as content5_0_0_, posts0_.title as title6_0_0_ from posts posts0_ where posts0_.id=?
Hibernate: update posts set created_date=?, modified_date=?, author=?, content=?, title=? where id=?
Hibernate: select posts0_.id as id1_0_, posts0_.created_date as created_2_0_, posts0_.modified_date as modified3_0_, posts0_.author as author4_0_, posts0_.content as content5_0_, posts0_.title as title6_0_ from posts posts0_
Hibernate: select posts0_.id as id1_0_, posts0_.created_date as created_2_0_, posts0_.modified_date as modified3_0_, posts0_.author as author4_0_, posts0_.content as content5_0_, posts0_.title as title6_0_ from posts posts0_
Hibernate: delete from posts where id=?
]]></system-out>
  <system-err><![CDATA[]]></system-err>
</testsuite>
