<?xml version="1.0" encoding="UTF-8"?>
<testsuite name="com.book.springboot.domain.posts.PostsRepositoryTest" tests="2" skipped="0" failures="0" errors="0" timestamp="2022-03-04T03:07:38" hostname="DESKTOP-2H2R0G0" time="0.337">
  <properties/>
  <testcase name="게시글저장_불러오기()" classname="com.book.springboot.domain.posts.PostsRepositoryTest" time="0.322"/>
  <testcase name="BaseTimeEntity_등록()" classname="com.book.springboot.domain.posts.PostsRepositoryTest" time="0.014"/>
  <system-out><![CDATA[12:07:32.976 [Test worker] DEBUG org.springframework.test.context.BootstrapUtils - Instantiating CacheAwareContextLoaderDelegate from class [org.springframework.test.context.cache.DefaultCacheAwareContextLoaderDelegate]
12:07:32.990 [Test worker] DEBUG org.springframework.test.context.BootstrapUtils - Instantiating BootstrapContext using constructor [public org.springframework.test.context.support.DefaultBootstrapContext(java.lang.Class,org.springframework.test.context.CacheAwareContextLoaderDelegate)]
12:07:33.029 [Test worker] DEBUG org.springframework.test.context.BootstrapUtils - Instantiating TestContextBootstrapper for test class [com.book.springboot.domain.posts.PostsRepositoryTest] from class [org.springframework.boot.test.context.SpringBootTestContextBootstrapper]
12:07:33.041 [Test worker] INFO org.springframework.boot.test.context.SpringBootTestContextBootstrapper - Neither @ContextConfiguration nor @ContextHierarchy found for test class [com.book.springboot.domain.posts.PostsRepositoryTest], using SpringBootContextLoader
12:07:33.048 [Test worker] DEBUG org.springframework.test.context.support.AbstractContextLoader - Did not detect default resource location for test class [com.book.springboot.domain.posts.PostsRepositoryTest]: class path resource [com/book/springboot/domain/posts/PostsRepositoryTest-context.xml] does not exist
12:07:33.049 [Test worker] DEBUG org.springframework.test.context.support.AbstractContextLoader - Did not detect default resource location for test class [com.book.springboot.domain.posts.PostsRepositoryTest]: class path resource [com/book/springboot/domain/posts/PostsRepositoryTestContext.groovy] does not exist
12:07:33.050 [Test worker] INFO org.springframework.test.context.support.AbstractContextLoader - Could not detect default resource locations for test class [com.book.springboot.domain.posts.PostsRepositoryTest]: no resource found for suffixes {-context.xml, Context.groovy}.
12:07:33.051 [Test worker] INFO org.springframework.test.context.support.AnnotationConfigContextLoaderUtils - Could not detect default configuration classes for test class [com.book.springboot.domain.posts.PostsRepositoryTest]: PostsRepositoryTest does not declare any static, non-private, non-final, nested classes annotated with @Configuration.
12:07:33.098 [Test worker] DEBUG org.springframework.test.context.support.ActiveProfilesUtils - Could not find an 'annotation declaring class' for annotation type [org.springframework.test.context.ActiveProfiles] and class [com.book.springboot.domain.posts.PostsRepositoryTest]
12:07:33.173 [Test worker] DEBUG org.springframework.context.annotation.ClassPathScanningCandidateComponentProvider - Identified candidate component class: file [C:\Users\jungahzzzang\IdeaProjects\bootpractice\build\classes\java\main\com\book\springboot\Application.class]
12:07:33.175 [Test worker] INFO org.springframework.boot.test.context.SpringBootTestContextBootstrapper - Found @SpringBootConfiguration com.book.springboot.Application for test class com.book.springboot.domain.posts.PostsRepositoryTest
12:07:33.287 [Test worker] DEBUG org.springframework.boot.test.context.SpringBootTestContextBootstrapper - @TestExecutionListeners is not present for class [com.book.springboot.domain.posts.PostsRepositoryTest]: using defaults.
12:07:33.287 [Test worker] INFO org.springframework.boot.test.context.SpringBootTestContextBootstrapper - Loaded default TestExecutionListener class names from location [META-INF/spring.factories]: [org.springframework.security.test.context.support.WithSecurityContextTestExecutionListener, org.springframework.security.test.context.support.ReactorContextTestExecutionListener, org.springframework.boot.test.autoconfigure.restdocs.RestDocsTestExecutionListener, org.springframework.boot.test.autoconfigure.web.client.MockRestServiceServerResetTestExecutionListener, org.springframework.boot.test.autoconfigure.web.servlet.MockMvcPrintOnlyOnFailureTestExecutionListener, org.springframework.boot.test.autoconfigure.web.servlet.WebDriverTestExecutionListener, org.springframework.boot.test.autoconfigure.webservices.client.MockWebServiceServerTestExecutionListener, org.springframework.boot.test.mock.mockito.MockitoTestExecutionListener, org.springframework.boot.test.mock.mockito.ResetMocksTestExecutionListener, org.springframework.test.context.web.ServletTestExecutionListener, org.springframework.test.context.support.DirtiesContextBeforeModesTestExecutionListener, org.springframework.test.context.support.DependencyInjectionTestExecutionListener, org.springframework.test.context.support.DirtiesContextTestExecutionListener, org.springframework.test.context.transaction.TransactionalTestExecutionListener, org.springframework.test.context.jdbc.SqlScriptsTestExecutionListener, org.springframework.test.context.event.EventPublishingTestExecutionListener]
12:07:33.303 [Test worker] INFO org.springframework.boot.test.context.SpringBootTestContextBootstrapper - Using TestExecutionListeners: [org.springframework.test.context.web.ServletTestExecutionListener@4fd94148, org.springframework.test.context.support.DirtiesContextBeforeModesTestExecutionListener@3cc1c869, org.springframework.boot.test.mock.mockito.MockitoTestExecutionListener@1e09959f, org.springframework.boot.test.autoconfigure.SpringBootDependencyInjectionTestExecutionListener@1bfaef04, org.springframework.test.context.support.DirtiesContextTestExecutionListener@1eac2e32, org.springframework.test.context.transaction.TransactionalTestExecutionListener@2c9c2f0e, org.springframework.test.context.jdbc.SqlScriptsTestExecutionListener@7e6bf26f, org.springframework.security.test.context.support.WithSecurityContextTestExecutionListener@32a5a069, org.springframework.test.context.event.EventPublishingTestExecutionListener@4d07d5b1, org.springframework.security.test.context.support.ReactorContextTestExecutionListener@ae7740, org.springframework.boot.test.autoconfigure.restdocs.RestDocsTestExecutionListener@21f715b0, org.springframework.boot.test.autoconfigure.web.client.MockRestServiceServerResetTestExecutionListener@3ece5f0f, org.springframework.boot.test.autoconfigure.web.servlet.MockMvcPrintOnlyOnFailureTestExecutionListener@4d97bf3a, org.springframework.boot.test.autoconfigure.web.servlet.WebDriverTestExecutionListener@3e70d5bf, org.springframework.boot.test.autoconfigure.webservices.client.MockWebServiceServerTestExecutionListener@27b30d54, org.springframework.boot.test.mock.mockito.ResetMocksTestExecutionListener@6b49188a]
12:07:33.306 [Test worker] DEBUG org.springframework.test.context.support.AbstractDirtiesContextTestExecutionListener - Before test class: context [DefaultTestContext@157084c8 testClass = PostsRepositoryTest, testInstance = [null], testMethod = [null], testException = [null], mergedContextConfiguration = [WebMergedContextConfiguration@4acb615e testClass = PostsRepositoryTest, locations = '{}', classes = '{class com.book.springboot.Application}', contextInitializerClasses = '[]', activeProfiles = '{}', propertySourceLocations = '{}', propertySourceProperties = '{org.springframework.boot.test.context.SpringBootTestContextBootstrapper=true}', contextCustomizers = set[org.springframework.boot.test.autoconfigure.actuate.metrics.MetricsExportContextCustomizerFactory$DisableMetricExportContextCustomizer@14cf8097, org.springframework.boot.test.autoconfigure.properties.PropertyMappingContextCustomizer@0, org.springframework.boot.test.autoconfigure.web.servlet.WebDriverContextCustomizerFactory$Customizer@1a5feef1, org.springframework.boot.test.context.filter.ExcludeFilterContextCustomizer@3296a9af, org.springframework.boot.test.json.DuplicateJsonObjectContextCustomizerFactory$DuplicateJsonObjectContextCustomizer@d5cc6a5, org.springframework.boot.test.mock.mockito.MockitoContextCustomizer@0, org.springframework.boot.test.web.client.TestRestTemplateContextCustomizer@3c8be01a, org.springframework.boot.test.context.SpringBootTestArgs@1, org.springframework.boot.test.context.SpringBootTestWebEnvironment@2696915b], resourceBasePath = 'src/main/webapp', contextLoader = 'org.springframework.boot.test.context.SpringBootContextLoader', parent = [null]], attributes = map['org.springframework.test.context.web.ServletTestExecutionListener.activateListener' -> true]], class annotated with @DirtiesContext [false] with mode [null].
12:07:33.333 [Test worker] DEBUG org.springframework.test.context.support.TestPropertySourceUtils - Adding inlined properties to environment: {spring.jmx.enabled=false, org.springframework.boot.test.context.SpringBootTestContextBootstrapper=true}

  .   ____          _            __ _ _
 /\\ / ___'_ __ _ _(_)_ __  __ _ \ \ \ \
( ( )\___ | '_ | '_| | '_ \/ _` | \ \ \ \
 \\/  ___)| |_)| | | | | || (_| |  ) ) ) )
  '  |____| .__|_| |_|_| |_\__, | / / / /
 =========|_|==============|___/=/_/_/_/
 :: Spring Boot ::                (v2.4.1)

2022-03-04 12:07:33.593  INFO 6332 --- [    Test worker] c.b.s.domain.posts.PostsRepositoryTest   : Starting PostsRepositoryTest using Java 11.0.12 on DESKTOP-2H2R0G0 with PID 6332 (started by jungahzzzang in C:\Users\jungahzzzang\IdeaProjects\bootpractice)
2022-03-04 12:07:33.596  INFO 6332 --- [    Test worker] c.b.s.domain.posts.PostsRepositoryTest   : No active profile set, falling back to default profiles: default
2022-03-04 12:07:34.459  INFO 6332 --- [    Test worker] .s.d.r.c.RepositoryConfigurationDelegate : Bootstrapping Spring Data JPA repositories in DEFAULT mode.
2022-03-04 12:07:34.541  INFO 6332 --- [    Test worker] .s.d.r.c.RepositoryConfigurationDelegate : Finished Spring Data repository scanning in 66 ms. Found 2 JPA repository interfaces.
2022-03-04 12:07:35.173  INFO 6332 --- [    Test worker] com.zaxxer.hikari.HikariDataSource       : HikariPool-1 - Starting...
2022-03-04 12:07:35.415  INFO 6332 --- [    Test worker] com.zaxxer.hikari.HikariDataSource       : HikariPool-1 - Start completed.
2022-03-04 12:07:35.508  INFO 6332 --- [    Test worker] o.hibernate.jpa.internal.util.LogHelper  : HHH000204: Processing PersistenceUnitInfo [name: default]
2022-03-04 12:07:35.595  INFO 6332 --- [    Test worker] org.hibernate.Version                    : HHH000412: Hibernate ORM core version 5.4.25.Final
2022-03-04 12:07:35.782  INFO 6332 --- [    Test worker] o.hibernate.annotations.common.Version   : HCANN000001: Hibernate Commons Annotations {5.1.2.Final}
2022-03-04 12:07:35.940  INFO 6332 --- [    Test worker] org.hibernate.dialect.Dialect            : HHH000400: Using dialect: org.hibernate.dialect.MySQL57Dialect
Hibernate: drop table if exists posts
Hibernate: drop table if exists user
Hibernate: create table posts (id bigint not null auto_increment, created_date datetime(6), modified_date datetime(6), author varchar(255), content TEXT not null, title varchar(500) not null, primary key (id)) engine=InnoDB
Hibernate: create table user (id bigint not null auto_increment, created_date datetime(6), modified_date datetime(6), email varchar(255) not null, name varchar(255) not null, picture varchar(255), role varchar(255) not null, primary key (id)) engine=InnoDB
2022-03-04 12:07:36.628  INFO 6332 --- [    Test worker] o.h.e.t.j.p.i.JtaPlatformInitiator       : HHH000490: Using JtaPlatform implementation: [org.hibernate.engine.transaction.jta.platform.internal.NoJtaPlatform]
2022-03-04 12:07:36.636  INFO 6332 --- [    Test worker] j.LocalContainerEntityManagerFactoryBean : Initialized JPA EntityManagerFactory for persistence unit 'default'
2022-03-04 12:07:37.136  WARN 6332 --- [    Test worker] JpaBaseConfiguration$JpaWebConfiguration : spring.jpa.open-in-view is enabled by default. Therefore, database queries may be performed during view rendering. Explicitly configure spring.jpa.open-in-view to disable this warning
2022-03-04 12:07:37.708  INFO 6332 --- [    Test worker] o.s.s.web.DefaultSecurityFilterChain     : Will secure any request with [org.springframework.security.web.context.request.async.WebAsyncManagerIntegrationFilter@26a9d8c4, org.springframework.security.web.context.SecurityContextPersistenceFilter@60362413, org.springframework.security.web.header.HeaderWriterFilter@425aa92f, org.springframework.security.web.authentication.logout.LogoutFilter@77a9e11e, org.springframework.security.oauth2.client.web.OAuth2AuthorizationRequestRedirectFilter@2bcf6c36, org.springframework.security.oauth2.client.web.OAuth2LoginAuthenticationFilter@244fac30, org.springframework.security.web.authentication.ui.DefaultLoginPageGeneratingFilter@336953ef, org.springframework.security.web.authentication.ui.DefaultLogoutPageGeneratingFilter@2d37a5d6, org.springframework.security.web.savedrequest.RequestCacheAwareFilter@705e514, org.springframework.security.web.servletapi.SecurityContextHolderAwareRequestFilter@3f86a7a0, org.springframework.security.web.authentication.AnonymousAuthenticationFilter@6a5d342b, org.springframework.security.web.session.SessionManagementFilter@2bd20de6, org.springframework.security.web.access.ExceptionTranslationFilter@5e786f9b, org.springframework.security.web.access.intercept.FilterSecurityInterceptor@25d5dd67]
2022-03-04 12:07:38.130  INFO 6332 --- [    Test worker] o.s.s.concurrent.ThreadPoolTaskExecutor  : Initializing ExecutorService 'applicationTaskExecutor'
2022-03-04 12:07:38.208  INFO 6332 --- [    Test worker] o.s.b.a.h2.H2ConsoleAutoConfiguration    : H2 console available at '/h2-console'. Database available at 'jdbc:h2:mem:testdb'
2022-03-04 12:07:38.295  INFO 6332 --- [    Test worker] o.s.b.a.w.s.WelcomePageHandlerMapping    : Adding welcome page template: index
2022-03-04 12:07:38.704  INFO 6332 --- [    Test worker] s.a.ScheduledAnnotationBeanPostProcessor : No TaskScheduler/ScheduledExecutorService bean found for scheduled processing
2022-03-04 12:07:38.716  INFO 6332 --- [    Test worker] c.b.s.domain.posts.PostsRepositoryTest   : Started PostsRepositoryTest in 5.377 seconds (JVM running for 6.881)
Hibernate: insert into posts (created_date, modified_date, author, content, title) values (?, ?, ?, ?, ?)
Hibernate: select posts0_.id as id1_0_, posts0_.created_date as created_2_0_, posts0_.modified_date as modified3_0_, posts0_.author as author4_0_, posts0_.content as content5_0_, posts0_.title as title6_0_ from posts posts0_
Hibernate: select posts0_.id as id1_0_, posts0_.created_date as created_2_0_, posts0_.modified_date as modified3_0_, posts0_.author as author4_0_, posts0_.content as content5_0_, posts0_.title as title6_0_ from posts posts0_
Hibernate: delete from posts where id=?
Hibernate: insert into posts (created_date, modified_date, author, content, title) values (?, ?, ?, ?, ?)
Hibernate: select posts0_.id as id1_0_, posts0_.created_date as created_2_0_, posts0_.modified_date as modified3_0_, posts0_.author as author4_0_, posts0_.content as content5_0_, posts0_.title as title6_0_ from posts posts0_
>>>>>>>>>> createDate=2022-03-04T12:07:39.067151, modifiedDate=2022-03-04T12:07:39.067151
Hibernate: select posts0_.id as id1_0_, posts0_.created_date as created_2_0_, posts0_.modified_date as modified3_0_, posts0_.author as author4_0_, posts0_.content as content5_0_, posts0_.title as title6_0_ from posts posts0_
Hibernate: delete from posts where id=?
]]></system-out>
  <system-err><![CDATA[]]></system-err>
</testsuite>
