<?xml version="1.0" encoding="UTF-8"?>
<testsuite name="com.book.springboot.HelloControllerTest" tests="2" skipped="0" failures="0" errors="0" timestamp="2022-03-05T16:41:47" hostname="flex-springboot2-webservice.localdomain" time="0.123">
  <properties/>
  <testcase name="hello가_리턴된다()" classname="com.book.springboot.HelloControllerTest" time="0.048"/>
  <testcase name="helloDto가_리턴된다()" classname="com.book.springboot.HelloControllerTest" time="0.073"/>
  <system-out><![CDATA[2022-03-06 01:41:45.556  INFO 25309 --- [    Test worker] .b.t.a.w.s.WebMvcTestContextBootstrapper : Neither @ContextConfiguration nor @ContextHierarchy found for test class [com.book.springboot.HelloControllerTest], using SpringBootContextLoader
2022-03-06 01:41:45.562  INFO 25309 --- [    Test worker] o.s.t.c.support.AbstractContextLoader    : Could not detect default resource locations for test class [com.book.springboot.HelloControllerTest]: no resource found for suffixes {-context.xml, Context.groovy}.
2022-03-06 01:41:45.562  INFO 25309 --- [    Test worker] t.c.s.AnnotationConfigContextLoaderUtils : Could not detect default configuration classes for test class [com.book.springboot.HelloControllerTest]: HelloControllerTest does not declare any static, non-private, non-final, nested classes annotated with @Configuration.
2022-03-06 01:41:45.602  INFO 25309 --- [    Test worker] .b.t.c.SpringBootTestContextBootstrapper : Found @SpringBootConfiguration com.book.springboot.Application for test class com.book.springboot.HelloControllerTest
2022-03-06 01:41:45.603  INFO 25309 --- [    Test worker] .b.t.a.w.s.WebMvcTestContextBootstrapper : Loaded default TestExecutionListener class names from location [META-INF/spring.factories]: [org.springframework.security.test.context.support.WithSecurityContextTestExecutionListener, org.springframework.security.test.context.support.ReactorContextTestExecutionListener, org.springframework.boot.test.autoconfigure.restdocs.RestDocsTestExecutionListener, org.springframework.boot.test.autoconfigure.web.client.MockRestServiceServerResetTestExecutionListener, org.springframework.boot.test.autoconfigure.web.servlet.MockMvcPrintOnlyOnFailureTestExecutionListener, org.springframework.boot.test.autoconfigure.web.servlet.WebDriverTestExecutionListener, org.springframework.boot.test.autoconfigure.webservices.client.MockWebServiceServerTestExecutionListener, org.springframework.boot.test.mock.mockito.MockitoTestExecutionListener, org.springframework.boot.test.mock.mockito.ResetMocksTestExecutionListener, org.springframework.test.context.web.ServletTestExecutionListener, org.springframework.test.context.support.DirtiesContextBeforeModesTestExecutionListener, org.springframework.test.context.support.DependencyInjectionTestExecutionListener, org.springframework.test.context.support.DirtiesContextTestExecutionListener, org.springframework.test.context.transaction.TransactionalTestExecutionListener, org.springframework.test.context.jdbc.SqlScriptsTestExecutionListener, org.springframework.test.context.event.EventPublishingTestExecutionListener]
2022-03-06 01:41:45.605  INFO 25309 --- [    Test worker] .b.t.a.w.s.WebMvcTestContextBootstrapper : Using TestExecutionListeners: [org.springframework.test.context.web.ServletTestExecutionListener@7fdcd552, org.springframework.test.context.support.DirtiesContextBeforeModesTestExecutionListener@62b640ac, org.springframework.boot.test.mock.mockito.MockitoTestExecutionListener@354cde54, org.springframework.boot.test.autoconfigure.SpringBootDependencyInjectionTestExecutionListener@29a8825c, org.springframework.test.context.support.DirtiesContextTestExecutionListener@3047b47e, org.springframework.test.context.transaction.TransactionalTestExecutionListener@60a431fa, org.springframework.test.context.jdbc.SqlScriptsTestExecutionListener@33c9edc4, org.springframework.security.test.context.support.WithSecurityContextTestExecutionListener@5e1e3383, org.springframework.test.context.event.EventPublishingTestExecutionListener@5377987a, org.springframework.security.test.context.support.ReactorContextTestExecutionListener@129d480f, org.springframework.boot.test.autoconfigure.restdocs.RestDocsTestExecutionListener@6e462055, org.springframework.boot.test.autoconfigure.web.client.MockRestServiceServerResetTestExecutionListener@416b8435, org.springframework.boot.test.autoconfigure.web.servlet.MockMvcPrintOnlyOnFailureTestExecutionListener@2eb0602a, org.springframework.boot.test.autoconfigure.web.servlet.WebDriverTestExecutionListener@569598c3, org.springframework.boot.test.autoconfigure.webservices.client.MockWebServiceServerTestExecutionListener@98e5ecc, org.springframework.boot.test.mock.mockito.ResetMocksTestExecutionListener@145939e4]

  .   ____          _            __ _ _
 /\\ / ___'_ __ _ _(_)_ __  __ _ \ \ \ \
( ( )\___ | '_ | '_| | '_ \/ _` | \ \ \ \
 \\/  ___)| |_)| | | | | || (_| |  ) ) ) )
  '  |____| .__|_| |_|_| |_\__, | / / / /
 =========|_|==============|___/=/_/_/_/
 :: Spring Boot ::                (v2.4.1)

2022-03-06 01:41:45.659  INFO 25309 --- [    Test worker] com.book.springboot.HelloControllerTest  : Starting HelloControllerTest using Java 1.8.0_312 on flex-springboot2-webservice.localdomain with PID 25309 (started by ec2-user in /home/ec2-user/app/step1/bootpractice)
2022-03-06 01:41:45.661  INFO 25309 --- [    Test worker] com.book.springboot.HelloControllerTest  : No active profile set, falling back to default profiles: default
2022-03-06 01:41:46.291  INFO 25309 --- [    Test worker] o.s.s.concurrent.ThreadPoolTaskExecutor  : Initializing ExecutorService 'applicationTaskExecutor'
2022-03-06 01:41:46.357  INFO 25309 --- [    Test worker] o.s.b.a.w.s.WelcomePageHandlerMapping    : Adding welcome page template: index
2022-03-06 01:41:46.878  INFO 25309 --- [    Test worker] o.s.s.web.DefaultSecurityFilterChain     : Will secure any request with [org.springframework.security.web.context.request.async.WebAsyncManagerIntegrationFilter@40a4c2b0, org.springframework.security.web.context.SecurityContextPersistenceFilter@74b4f495, org.springframework.security.web.header.HeaderWriterFilter@792b8aa6, org.springframework.security.web.csrf.CsrfFilter@7f3c2227, org.springframework.security.web.authentication.logout.LogoutFilter@16ece6d, org.springframework.security.oauth2.client.web.OAuth2AuthorizationRequestRedirectFilter@326db6ae, org.springframework.security.oauth2.client.web.OAuth2AuthorizationRequestRedirectFilter@10bf4201, org.springframework.security.oauth2.client.web.OAuth2LoginAuthenticationFilter@938869e, org.springframework.security.web.authentication.ui.DefaultLoginPageGeneratingFilter@1c17ed2d, org.springframework.security.web.authentication.ui.DefaultLogoutPageGeneratingFilter@5a12337a, org.springframework.security.web.savedrequest.RequestCacheAwareFilter@55d907ba, org.springframework.security.web.servletapi.SecurityContextHolderAwareRequestFilter@7082c91d, org.springframework.security.web.authentication.AnonymousAuthenticationFilter@66eb4af, org.springframework.security.oauth2.client.web.OAuth2AuthorizationCodeGrantFilter@5781743b, org.springframework.security.web.session.SessionManagementFilter@6798b2be, org.springframework.security.web.access.ExceptionTranslationFilter@6c4f108, org.springframework.security.web.access.intercept.FilterSecurityInterceptor@1058beab]
2022-03-06 01:41:46.997  INFO 25309 --- [    Test worker] o.s.b.t.m.w.SpringBootMockServletContext : Initializing Spring TestDispatcherServlet ''
2022-03-06 01:41:47.002  INFO 25309 --- [    Test worker] o.s.t.web.servlet.TestDispatcherServlet  : Initializing Servlet ''
2022-03-06 01:41:47.005  INFO 25309 --- [    Test worker] o.s.t.web.servlet.TestDispatcherServlet  : Completed initialization in 0 ms
2022-03-06 01:41:47.030  INFO 25309 --- [    Test worker] com.book.springboot.HelloControllerTest  : Started HelloControllerTest in 1.419 seconds (JVM running for 24.253)
]]></system-out>
  <system-err><![CDATA[]]></system-err>
</testsuite>
