<?xml version="1.0" encoding="UTF-8"?>
<testsuite name="com.book.springboot.dto.HelloResponseDtoTest" tests="1" skipped="0" failures="0" errors="0" timestamp="2022-03-05T16:41:40" hostname="flex-springboot2-webservice.localdomain" time="0.006">
  <properties/>
  <testcase name="롬북_기능_테스트()" classname="com.book.springboot.dto.HelloResponseDtoTest" time="0.006"/>
  <system-out><![CDATA[]]></system-out>
  <system-err><![CDATA[]]></system-err>
</testsuite>
